<?xml version="1.0" encoding="UTF-8" ?>
<testsuite tests="15" failures="0" name="tests.TestRunner" time="8.644" errors="1" skipped="0">
  <properties>
[...]
</properties>
  <testcase classname="[tests/ConfigDemo1] Config demo" name="[1:7] Config demo 1" time="0.027"/>
  <testcase classname="[tests/ConfigDemo1] Config demo" name="[2:11] GET Demo 1" time="3.017"/>
  <testcase classname="[tests/Delete] Delete API Demo" name="[1:3] Delete Demo 1" time="0.535"/>
  <testcase classname="[tests/FirstTestFeature] Sample API Tests" name="[1:3] Test a sample GET API" time="0.389"/>
  <testcase classname="[tests/Get] GET API Demo" name="[1:8] GET Demo 1" time="1.222"/>
  <testcase classname="[tests/Get] GET API Demo" name="[2:17] GET Demo 2" time="0.051"/>
  <testcase classname="[tests/Get] GET API Demo" name="[3:24] GET Demo 3" time="0.091"/>
  <testcase classname="[tests/Get] GET API Demo" name="[4:32] GET Demo 4" time="0.119"/>
  <testcase classname="[tests/Post] POST API Demo" name="[1:9] POST Demo 1" time="0.486"/>
  <testcase classname="[tests/Post] POST API Demo" name="[2:17] POST Demo 2" time="0.473"/>
  <testcase classname="[tests/Post] POST API Demo" name="[3:25] POST Demo 3" time="0.436"/>
  <testcase classname="[tests/Post] POST API Demo" name="[4:34] POST Demo 4" time="0.436"/>
  <testcase classname="[tests/Post] POST API Demo" name="[5:43] POST Demo 5" time="0.444"/>
  <testcase classname="[tests/Post] POST API Demo" name="[6:53] POST Demo 6" time="0.454">
    <error message="match failed: EQUALS
  $ | not equal | match failed for name: &apos;job&apos; (MAP:MAP)
  {&quot;createdAt&quot;:&quot;2022-11-16T14:19:27.251Z&quot;,&quot;name&quot;:&quot;morpheus&quot;,&quot;id&quot;:&quot;19&quot;,&quot;job&quot;:&quot;engineer&quot;}
  {&quot;createdAt&quot;:&quot;#ignore&quot;,&quot;name&quot;:&quot;morpheus&quot;,&quot;id&quot;:&quot;#string&quot;,&quot;job&quot;:&quot;leader&quot;}

    $.job | not equal (STRING:STRING)
    &apos;engineer&apos;
    &apos;leader&apos;

classpath:tests/Post.feature:60" type="com.intuit.karate.KarateException">com.intuit.karate.KarateException: match failed: EQUALS
  $ | not equal | match failed for name: &apos;job&apos; (MAP:MAP)
  {&quot;createdAt&quot;:&quot;2022-11-16T14:19:27.251Z&quot;,&quot;name&quot;:&quot;morpheus&quot;,&quot;id&quot;:&quot;19&quot;,&quot;job&quot;:&quot;engineer&quot;}
  {&quot;createdAt&quot;:&quot;#ignore&quot;,&quot;name&quot;:&quot;morpheus&quot;,&quot;id&quot;:&quot;#string&quot;,&quot;job&quot;:&quot;leader&quot;}

    $.job | not equal (STRING:STRING)
    &apos;engineer&apos;
    &apos;leader&apos;

classpath:tests/Post.feature:60
	at &lt;feature&gt;.: And match response == expectedOutput (classpath:tests/Post.feature:60:60)
</error>
    <system-out>19:49:25.587 [main] INFO com.intuit.karate - The value of env is :  null 
19:49:25.589 [main] DEBUG com.jayway.jsonpath.internal.path.CompiledPath - Evaluating path: $
19:49:25.590 [main] DEBUG com.jayway.jsonpath.internal.path.CompiledPath - Evaluating path: $
19:49:25.593 [main] DEBUG com.jayway.jsonpath.internal.path.CompiledPath - Evaluating path: $[&apos;job&apos;]
19:49:25.593 [main] DEBUG com.jayway.jsonpath.internal.path.CompiledPath - Evaluating path: $
19:49:25.593 [main] DEBUG com.jayway.jsonpath.internal.JsonContext - Put path $ key job value engineer
19:49:25.594 [main] DEBUG karate.org.apache.http.client.protocol.RequestAddCookies - CookieSpec selected: karate
19:49:25.594 [main] DEBUG karate.org.apache.http.client.protocol.RequestAuthCache - Auth cache not set in the context
19:49:25.594 [main] DEBUG com.intuit.karate - request:
1 &gt; POST https://reqres.in/api/users
1 &gt; Accept: application/json
1 &gt; Content-Type: application/json; charset=UTF-8
1 &gt; Content-Length: 36
1 &gt; Host: reqres.in
1 &gt; Connection: Keep-Alive
1 &gt; User-Agent: Apache-HttpClient/4.5.13 (Java/18.0.2.1)
1 &gt; Accept-Encoding: gzip,deflate
{&quot;name&quot;:&quot;morpheus&quot;,&quot;job&quot;:&quot;engineer&quot;}

19:49:25.595 [main] DEBUG karate.org.apache.http.impl.conn.PoolingHttpClientConnectionManager - Connection request: [route: {s}-&gt;https://reqres.in:443][total available: 0; route allocated: 0 of 5; total allocated: 0 of 10]
19:49:25.595 [main] DEBUG karate.org.apache.http.impl.conn.PoolingHttpClientConnectionManager - Connection leased: [id: 12][route: {s}-&gt;https://reqres.in:443][total available: 0; route allocated: 1 of 5; total allocated: 1 of 10]
19:49:25.595 [main] DEBUG karate.org.apache.http.impl.execchain.MainClientExec - Opening connection {s}-&gt;https://reqres.in:443
19:49:25.595 [main] DEBUG karate.org.apache.http.impl.conn.DefaultHttpClientConnectionOperator - Connecting to reqres.in/104.26.10.213:443
19:49:25.595 [main] DEBUG karate.org.apache.http.conn.ssl.SSLConnectionSocketFactory - Connecting socket to reqres.in/104.26.10.213:443 with timeout 5000
19:49:25.604 [main] DEBUG karate.org.apache.http.conn.ssl.SSLConnectionSocketFactory - Enabled protocols: [TLSv1.3, TLSv1.2]
19:49:25.604 [main] DEBUG karate.org.apache.http.conn.ssl.SSLConnectionSocketFactory - Enabled cipher suites:[TLS_AES_256_GCM_SHA384, TLS_AES_128_GCM_SHA256, TLS_CHACHA20_POLY1305_SHA256, TLS_ECDHE_ECDSA_WITH_AES_256_GCM_SHA384, TLS_ECDHE_ECDSA_WITH_AES_128_GCM_SHA256, TLS_ECDHE_ECDSA_WITH_CHACHA20_POLY1305_SHA256, TLS_ECDHE_RSA_WITH_AES_256_GCM_SHA384, TLS_ECDHE_RSA_WITH_CHACHA20_POLY1305_SHA256, TLS_ECDHE_RSA_WITH_AES_128_GCM_SHA256, TLS_DHE_RSA_WITH_AES_256_GCM_SHA384, TLS_DHE_RSA_WITH_CHACHA20_POLY1305_SHA256, TLS_DHE_DSS_WITH_AES_256_GCM_SHA384, TLS_DHE_RSA_WITH_AES_128_GCM_SHA256, TLS_DHE_DSS_WITH_AES_128_GCM_SHA256, TLS_ECDHE_ECDSA_WITH_AES_256_CBC_SHA384, TLS_ECDHE_RSA_WITH_AES_256_CBC_SHA384, TLS_ECDHE_ECDSA_WITH_AES_128_CBC_SHA256, TLS_ECDHE_RSA_WITH_AES_128_CBC_SHA256, TLS_DHE_RSA_WITH_AES_256_CBC_SHA256, TLS_DHE_DSS_WITH_AES_256_CBC_SHA256, TLS_DHE_RSA_WITH_AES_128_CBC_SHA256, TLS_DHE_DSS_WITH_AES_128_CBC_SHA256, TLS_ECDH_ECDSA_WITH_AES_256_GCM_SHA384, TLS_ECDH_RSA_WITH_AES_256_GCM_SHA384, TLS_ECDH_ECDSA_WITH_AES_128_GCM_SHA256, TLS_ECDH_RSA_WITH_AES_128_GCM_SHA256, TLS_ECDH_ECDSA_WITH_AES_256_CBC_SHA384, TLS_ECDH_RSA_WITH_AES_256_CBC_SHA384, TLS_ECDH_ECDSA_WITH_AES_128_CBC_SHA256, TLS_ECDH_RSA_WITH_AES_128_CBC_SHA256, TLS_ECDHE_ECDSA_WITH_AES_256_CBC_SHA, TLS_ECDHE_RSA_WITH_AES_256_CBC_SHA, TLS_ECDHE_ECDSA_WITH_AES_128_CBC_SHA, TLS_ECDHE_RSA_WITH_AES_128_CBC_SHA, TLS_DHE_RSA_WITH_AES_256_CBC_SHA, TLS_DHE_DSS_WITH_AES_256_CBC_SHA, TLS_DHE_RSA_WITH_AES_128_CBC_SHA, TLS_DHE_DSS_WITH_AES_128_CBC_SHA, TLS_ECDH_ECDSA_WITH_AES_256_CBC_SHA, TLS_ECDH_RSA_WITH_AES_256_CBC_SHA, TLS_ECDH_ECDSA_WITH_AES_128_CBC_SHA, TLS_ECDH_RSA_WITH_AES_128_CBC_SHA, TLS_RSA_WITH_AES_256_GCM_SHA384, TLS_RSA_WITH_AES_128_GCM_SHA256, TLS_RSA_WITH_AES_256_CBC_SHA256, TLS_RSA_WITH_AES_128_CBC_SHA256, TLS_RSA_WITH_AES_256_CBC_SHA, TLS_RSA_WITH_AES_128_CBC_SHA, TLS_EMPTY_RENEGOTIATION_INFO_SCSV]
19:49:25.604 [main] DEBUG karate.org.apache.http.conn.ssl.SSLConnectionSocketFactory - Starting handshake
19:49:25.620 [main] DEBUG karate.org.apache.http.conn.ssl.SSLConnectionSocketFactory - Secure session established
19:49:25.620 [main] DEBUG karate.org.apache.http.conn.ssl.SSLConnectionSocketFactory -  negotiated protocol: TLSv1.3
19:49:25.620 [main] DEBUG karate.org.apache.http.conn.ssl.SSLConnectionSocketFactory -  negotiated cipher suite: TLS_AES_256_GCM_SHA384
19:49:25.620 [main] DEBUG karate.org.apache.http.conn.ssl.SSLConnectionSocketFactory -  peer principal: CN=sni.cloudflaressl.com, O=&quot;Cloudflare, Inc.&quot;, L=San Francisco, ST=California, C=US
19:49:25.620 [main] DEBUG karate.org.apache.http.conn.ssl.SSLConnectionSocketFactory -  peer alternative names: [*.reqres.in, reqres.in, sni.cloudflaressl.com]
19:49:25.620 [main] DEBUG karate.org.apache.http.conn.ssl.SSLConnectionSocketFactory -  issuer principal: CN=Cloudflare Inc ECC CA-3, O=&quot;Cloudflare, Inc.&quot;, C=US
19:49:25.620 [main] DEBUG karate.org.apache.http.impl.conn.DefaultHttpClientConnectionOperator - Connection established 192.168.0.179:50459&lt;-&gt;104.26.10.213:443
19:49:25.621 [main] DEBUG karate.org.apache.http.impl.conn.DefaultManagedHttpClientConnection - http-outgoing-12: set socket timeout to 5000
19:49:25.621 [main] DEBUG karate.org.apache.http.impl.execchain.MainClientExec - Executing request POST /api/users HTTP/1.1
19:49:25.621 [main] DEBUG karate.org.apache.http.impl.execchain.MainClientExec - Target auth state: UNCHALLENGED
19:49:25.621 [main] DEBUG karate.org.apache.http.impl.execchain.MainClientExec - Proxy auth state: UNCHALLENGED
19:49:25.621 [main] DEBUG karate.org.apache.http.headers - http-outgoing-12 &gt;&gt; POST /api/users HTTP/1.1
19:49:25.621 [main] DEBUG karate.org.apache.http.headers - http-outgoing-12 &gt;&gt; Accept: application/json
19:49:25.621 [main] DEBUG karate.org.apache.http.headers - http-outgoing-12 &gt;&gt; Content-Type: application/json; charset=UTF-8
19:49:25.621 [main] DEBUG karate.org.apache.http.headers - http-outgoing-12 &gt;&gt; Content-Length: 36
19:49:25.621 [main] DEBUG karate.org.apache.http.headers - http-outgoing-12 &gt;&gt; Host: reqres.in
19:49:25.621 [main] DEBUG karate.org.apache.http.headers - http-outgoing-12 &gt;&gt; Connection: Keep-Alive
19:49:25.621 [main] DEBUG karate.org.apache.http.headers - http-outgoing-12 &gt;&gt; User-Agent: Apache-HttpClient/4.5.13 (Java/18.0.2.1)
19:49:25.621 [main] DEBUG karate.org.apache.http.headers - http-outgoing-12 &gt;&gt; Accept-Encoding: gzip,deflate
19:49:25.621 [main] DEBUG karate.org.apache.http.wire - http-outgoing-12 &gt;&gt; &quot;POST /api/users HTTP/1.1[\r][\n]&quot;
19:49:25.621 [main] DEBUG karate.org.apache.http.wire - http-outgoing-12 &gt;&gt; &quot;Accept: application/json[\r][\n]&quot;
19:49:25.621 [main] DEBUG karate.org.apache.http.wire - http-outgoing-12 &gt;&gt; &quot;Content-Type: application/json; charset=UTF-8[\r][\n]&quot;
19:49:25.621 [main] DEBUG karate.org.apache.http.wire - http-outgoing-12 &gt;&gt; &quot;Content-Length: 36[\r][\n]&quot;
19:49:25.621 [main] DEBUG karate.org.apache.http.wire - http-outgoing-12 &gt;&gt; &quot;Host: reqres.in[\r][\n]&quot;
19:49:25.621 [main] DEBUG karate.org.apache.http.wire - http-outgoing-12 &gt;&gt; &quot;Connection: Keep-Alive[\r][\n]&quot;
19:49:25.621 [main] DEBUG karate.org.apache.http.wire - http-outgoing-12 &gt;&gt; &quot;User-Agent: Apache-HttpClient/4.5.13 (Java/18.0.2.1)[\r][\n]&quot;
19:49:25.621 [main] DEBUG karate.org.apache.http.wire - http-outgoing-12 &gt;&gt; &quot;Accept-Encoding: gzip,deflate[\r][\n]&quot;
19:49:25.621 [main] DEBUG karate.org.apache.http.wire - http-outgoing-12 &gt;&gt; &quot;[\r][\n]&quot;
19:49:25.621 [main] DEBUG karate.org.apache.http.wire - http-outgoing-12 &gt;&gt; &quot;{&quot;name&quot;:&quot;morpheus&quot;,&quot;job&quot;:&quot;engineer&quot;}&quot;
19:49:26.030 [main] DEBUG karate.org.apache.http.wire - http-outgoing-12 &lt;&lt; &quot;HTTP/1.1 201 Created[\r][\n]&quot;
19:49:26.030 [main] DEBUG karate.org.apache.http.wire - http-outgoing-12 &lt;&lt; &quot;Date: Wed, 16 Nov 2022 14:19:27 GMT[\r][\n]&quot;
19:49:26.031 [main] DEBUG karate.org.apache.http.wire - http-outgoing-12 &lt;&lt; &quot;Content-Type: application/json; charset=utf-8[\r][\n]&quot;
19:49:26.031 [main] DEBUG karate.org.apache.http.wire - http-outgoing-12 &lt;&lt; &quot;Content-Length: 85[\r][\n]&quot;
19:49:26.031 [main] DEBUG karate.org.apache.http.wire - http-outgoing-12 &lt;&lt; &quot;Connection: keep-alive[\r][\n]&quot;
19:49:26.031 [main] DEBUG karate.org.apache.http.wire - http-outgoing-12 &lt;&lt; &quot;X-Powered-By: Express[\r][\n]&quot;
19:49:26.031 [main] DEBUG karate.org.apache.http.wire - http-outgoing-12 &lt;&lt; &quot;Access-Control-Allow-Origin: *[\r][\n]&quot;
19:49:26.031 [main] DEBUG karate.org.apache.http.wire - http-outgoing-12 &lt;&lt; &quot;Etag: W/&quot;55-rYGKCtoYw4NwEodZmy78oCj5bM0&quot;[\r][\n]&quot;
19:49:26.031 [main] DEBUG karate.org.apache.http.wire - http-outgoing-12 &lt;&lt; &quot;Via: 1.1 vegur[\r][\n]&quot;
19:49:26.031 [main] DEBUG karate.org.apache.http.wire - http-outgoing-12 &lt;&lt; &quot;CF-Cache-Status: DYNAMIC[\r][\n]&quot;
19:49:26.031 [main] DEBUG karate.org.apache.http.wire - http-outgoing-12 &lt;&lt; &quot;Report-To: {&quot;endpoints&quot;:[{&quot;url&quot;:&quot;https:\/\/a.nel.cloudflare.com\/report\/v3?s=hXyg5HgN%2Buy3g5S80ySFM%2FdNOoF8n6o7I0n8UkBEfy7nNiS37QDSeIXQrBcxTHzKsKXC7YGmyXMwG4vCGonHwknFfgP7tJT5IDtz6kSG7l7yIWBpLXdV8G4auA%3D%3D&quot;}],&quot;group&quot;:&quot;cf-nel&quot;,&quot;max_age&quot;:604800}[\r][\n]&quot;
19:49:26.031 [main] DEBUG karate.org.apache.http.wire - http-outgoing-12 &lt;&lt; &quot;NEL: {&quot;success_fraction&quot;:0,&quot;report_to&quot;:&quot;cf-nel&quot;,&quot;max_age&quot;:604800}[\r][\n]&quot;
19:49:26.031 [main] DEBUG karate.org.apache.http.wire - http-outgoing-12 &lt;&lt; &quot;Server: cloudflare[\r][\n]&quot;
19:49:26.031 [main] DEBUG karate.org.apache.http.wire - http-outgoing-12 &lt;&lt; &quot;CF-RAY: 76b0dc950e9785e4-BOM[\r][\n]&quot;
19:49:26.031 [main] DEBUG karate.org.apache.http.wire - http-outgoing-12 &lt;&lt; &quot;[\r][\n]&quot;
19:49:26.031 [main] DEBUG karate.org.apache.http.wire - http-outgoing-12 &lt;&lt; &quot;{&quot;name&quot;:&quot;morpheus&quot;,&quot;job&quot;:&quot;engineer&quot;,&quot;id&quot;:&quot;19&quot;,&quot;createdAt&quot;:&quot;2022-11-16T14:19:27.251Z&quot;}&quot;
19:49:26.031 [main] DEBUG karate.org.apache.http.headers - http-outgoing-12 &lt;&lt; HTTP/1.1 201 Created
19:49:26.031 [main] DEBUG karate.org.apache.http.headers - http-outgoing-12 &lt;&lt; Date: Wed, 16 Nov 2022 14:19:27 GMT
19:49:26.031 [main] DEBUG karate.org.apache.http.headers - http-outgoing-12 &lt;&lt; Content-Type: application/json; charset=utf-8
19:49:26.031 [main] DEBUG karate.org.apache.http.headers - http-outgoing-12 &lt;&lt; Content-Length: 85
19:49:26.031 [main] DEBUG karate.org.apache.http.headers - http-outgoing-12 &lt;&lt; Connection: keep-alive
19:49:26.031 [main] DEBUG karate.org.apache.http.headers - http-outgoing-12 &lt;&lt; X-Powered-By: Express
19:49:26.031 [main] DEBUG karate.org.apache.http.headers - http-outgoing-12 &lt;&lt; Access-Control-Allow-Origin: *
19:49:26.031 [main] DEBUG karate.org.apache.http.headers - http-outgoing-12 &lt;&lt; Etag: W/&quot;55-rYGKCtoYw4NwEodZmy78oCj5bM0&quot;
19:49:26.031 [main] DEBUG karate.org.apache.http.headers - http-outgoing-12 &lt;&lt; Via: 1.1 vegur
19:49:26.031 [main] DEBUG karate.org.apache.http.headers - http-outgoing-12 &lt;&lt; CF-Cache-Status: DYNAMIC
19:49:26.031 [main] DEBUG karate.org.apache.http.headers - http-outgoing-12 &lt;&lt; Report-To: {&quot;endpoints&quot;:[{&quot;url&quot;:&quot;https:\/\/a.nel.cloudflare.com\/report\/v3?s=hXyg5HgN%2Buy3g5S80ySFM%2FdNOoF8n6o7I0n8UkBEfy7nNiS37QDSeIXQrBcxTHzKsKXC7YGmyXMwG4vCGonHwknFfgP7tJT5IDtz6kSG7l7yIWBpLXdV8G4auA%3D%3D&quot;}],&quot;group&quot;:&quot;cf-nel&quot;,&quot;max_age&quot;:604800}
19:49:26.031 [main] DEBUG karate.org.apache.http.headers - http-outgoing-12 &lt;&lt; NEL: {&quot;success_fraction&quot;:0,&quot;report_to&quot;:&quot;cf-nel&quot;,&quot;max_age&quot;:604800}
19:49:26.031 [main] DEBUG karate.org.apache.http.headers - http-outgoing-12 &lt;&lt; Server: cloudflare
19:49:26.031 [main] DEBUG karate.org.apache.http.headers - http-outgoing-12 &lt;&lt; CF-RAY: 76b0dc950e9785e4-BOM
19:49:26.032 [main] DEBUG karate.org.apache.http.impl.execchain.MainClientExec - Connection can be kept alive indefinitely
19:49:26.032 [main] DEBUG karate.org.apache.http.impl.conn.PoolingHttpClientConnectionManager - Connection [id: 12][route: {s}-&gt;https://reqres.in:443] can be kept alive indefinitely
19:49:26.032 [main] DEBUG karate.org.apache.http.impl.conn.DefaultManagedHttpClientConnection - http-outgoing-12: set socket timeout to 0
19:49:26.032 [main] DEBUG karate.org.apache.http.impl.conn.PoolingHttpClientConnectionManager - Connection released: [id: 12][route: {s}-&gt;https://reqres.in:443][total available: 1; route allocated: 1 of 5; total allocated: 1 of 10]
19:49:26.033 [main] DEBUG com.intuit.karate - response time in milliseconds: 437
1 &lt; 201
1 &lt; Date: Wed, 16 Nov 2022 14:19:27 GMT
1 &lt; Content-Type: application/json; charset=utf-8
1 &lt; Content-Length: 85
1 &lt; Connection: keep-alive
1 &lt; X-Powered-By: Express
1 &lt; Access-Control-Allow-Origin: *
1 &lt; Etag: W/&quot;55-rYGKCtoYw4NwEodZmy78oCj5bM0&quot;
1 &lt; Via: 1.1 vegur
1 &lt; CF-Cache-Status: DYNAMIC
1 &lt; Report-To: {&quot;endpoints&quot;:[{&quot;url&quot;:&quot;https:\/\/a.nel.cloudflare.com\/report\/v3?s=hXyg5HgN%2Buy3g5S80ySFM%2FdNOoF8n6o7I0n8UkBEfy7nNiS37QDSeIXQrBcxTHzKsKXC7YGmyXMwG4vCGonHwknFfgP7tJT5IDtz6kSG7l7yIWBpLXdV8G4auA%3D%3D&quot;}],&quot;group&quot;:&quot;cf-nel&quot;,&quot;max_age&quot;:604800}
1 &lt; NEL: {&quot;success_fraction&quot;:0,&quot;report_to&quot;:&quot;cf-nel&quot;,&quot;max_age&quot;:604800}
1 &lt; Server: cloudflare
1 &lt; CF-RAY: 76b0dc950e9785e4-BOM
{&quot;createdAt&quot;:&quot;2022-11-16T14:19:27.251Z&quot;,&quot;name&quot;:&quot;morpheus&quot;,&quot;id&quot;:&quot;19&quot;,&quot;job&quot;:&quot;engineer&quot;}
19:49:26.035 [main] ERROR com.intuit.karate - classpath:tests/Post.feature:60
And match response == expectedOutput
match failed: EQUALS
  $ | not equal | match failed for name: &apos;job&apos; (MAP:MAP)
  {&quot;createdAt&quot;:&quot;2022-11-16T14:19:27.251Z&quot;,&quot;name&quot;:&quot;morpheus&quot;,&quot;id&quot;:&quot;19&quot;,&quot;job&quot;:&quot;engineer&quot;}
  {&quot;createdAt&quot;:&quot;#ignore&quot;,&quot;name&quot;:&quot;morpheus&quot;,&quot;id&quot;:&quot;#string&quot;,&quot;job&quot;:&quot;leader&quot;}

    $.job | not equal (STRING:STRING)
    &apos;engineer&apos;
    &apos;leader&apos;

classpath:tests/Post.feature:60
</system-out>
  </testcase>
  <testcase classname="[tests/Put] PUT API Demo" name="[1:3] PUT demo 1" time="0.464"/>
</testsuite>